f:\qfplay\src\qfplay\qfplay\x64\debug\vc120.pdb
f:\qfplay\src\qfplay\qfplay\x64\debug\videowidget.obj
f:\qfplay\src\qfplay\qfplay\x64\debug\qfvideothread.obj
f:\qfplay\src\qfplay\qfplay\x64\debug\qfslider.obj
f:\qfplay\src\qfplay\qfplay\x64\debug\qfplay.obj
f:\qfplay\src\qfplay\qfplay\x64\debug\qfffmpeg.obj
f:\qfplay\src\qfplay\qfplay\x64\debug\qfaudioplay.obj
f:\qfplay\src\qfplay\qfplay\x64\debug\moc_qfslider.obj
f:\qfplay\src\qfplay\qfplay\x64\debug\moc_qfplay.obj
f:\qfplay\src\qfplay\qfplay\x64\debug\qrc_qfplay.obj
f:\qfplay\src\qfplay\qfplay\x64\debug\main.obj
f:\qfplay\src\qfplay\qfplay\generatedfiles\debug\moc_qfplay.cpp
f:\qfplay\src\qfplay\qfplay\generatedfiles\debug\moc_qfslider.cpp
f:\qfplay\src\qfplay\qfplay\generatedfiles\qrc_qfplay.cpp
f:\qfplay\src\qfplay\qfplay\generatedfiles\ui_qfplay.h
f:\qfplay\bin\qfplay.ilk
f:\qfplay\bin\qfplay.exe
f:\qfplay\bin\qfplay.pdb
f:\qfplay\src\qfplay\qfplay\x64\debug\qfplay.res
f:\qfplay\src\qfplay\qfplay\..\..\..\bin\qfplay.exe
f:\qfplay\src\qfplay\qfplay\x64\debug\qfplay.tlog\cl.command.1.tlog
f:\qfplay\src\qfplay\qfplay\x64\debug\qfplay.tlog\cl.read.1.tlog
f:\qfplay\src\qfplay\qfplay\x64\debug\qfplay.tlog\cl.write.1.tlog
f:\qfplay\src\qfplay\qfplay\x64\debug\qfplay.tlog\custombuild.command.1.tlog
f:\qfplay\src\qfplay\qfplay\x64\debug\qfplay.tlog\custombuild.read.1.tlog
f:\qfplay\src\qfplay\qfplay\x64\debug\qfplay.tlog\custombuild.write.1.tlog
f:\qfplay\src\qfplay\qfplay\x64\debug\qfplay.tlog\link.command.1.tlog
f:\qfplay\src\qfplay\qfplay\x64\debug\qfplay.tlog\link.read.1.tlog
f:\qfplay\src\qfplay\qfplay\x64\debug\qfplay.tlog\link.write.1.tlog
f:\qfplay\src\qfplay\qfplay\x64\debug\qfplay.tlog\rc.command.1.tlog
f:\qfplay\src\qfplay\qfplay\x64\debug\qfplay.tlog\rc.read.1.tlog
f:\qfplay\src\qfplay\qfplay\x64\debug\qfplay.tlog\rc.write.1.tlog
